Build started 6/26/2014 12:18:43 PM.
     1>Project "U:\Users\emlowry\Dropbox\GitHub\MyFirstEngine\MyFirstEngine\MyFirstEngine.vcxproj" on node 2 (build target(s)).
     1>InitializeBuildStatus:
         Creating "Debug\MyFirstEngine.unsuccessfulbuild" because "AlwaysCreate" was specified.
       ClCompile:
         C:\Program Files (x86)\Microsoft Visual Studio 10.0\VC\bin\CL.exe /c /IU:\Users\emlowry\Dropbox\GitHub\MyFirstEngine\\glew\include /IU:\Users\emlowry\Dropbox\GitHub\MyFirstEngine\\glfw3\include /IU:\Users\emlowry\Dropbox\GitHub\MyFirstEngine\\SOIL\include /IU:\Users\emlowry\Dropbox\GitHub\MyFirstEngine\\MathLibrary\include /ZI /nologo /W3 /WX- /Od /Oy- /D WIN32 /D _DEBUG /D _WINDOWS /D _USRDLL /D MYFIRSTENGINE_EXPORTS /D _WINDLL /D _UNICODE /D UNICODE /Gm /EHsc /RTC1 /MDd /GS /fp:precise /Zc:wchar_t /Zc:forScope /Fo"Debug\\" /Fd"Debug\vc100.pdb" /Gd /TP /analyze- /errorReport:prompt Implementations\AnimatedSprite.cpp Implementations\Camera.cpp Implementations\CharacterMap.cpp Implementations\Drawable.cpp Implementations\Font.cpp Implementations\Frame.cpp Implementations\GameEngine.cpp Implementations\GameWindow.cpp Implementations\HTMLCharacters.cpp Implementations\Keyboard.cpp Implementations\Mouse.cpp Implementations\QuadShaderProgram.cpp Implementations\Shader.cpp Implementations\ShaderProgram.cpp Implementations\Sprite.cpp Implementations\SpriteShaderProgram.cpp Implementations\Texture.cpp Implementations\Typewriter.cpp
         Typewriter.cpp
         Texture.cpp
         SpriteShaderProgram.cpp
         Sprite.cpp
         ShaderProgram.cpp
         Shader.cpp
         QuadShaderProgram.cpp
         Mouse.cpp
         Keyboard.cpp
         HTMLCharacters.cpp
         GameWindow.cpp
         GameEngine.cpp
         Frame.cpp
         Font.cpp
         Drawable.cpp
         CharacterMap.cpp
     1>u:\users\emlowry\dropbox\github\myfirstengine\myfirstengine\implementations\charactermap.cpp(87): warning C4172: returning address of local variable or temporary
         Camera.cpp
         AnimatedSprite.cpp
         Generating Code...
       ManifestResourceCompile:
         C:\Program Files (x86)\Microsoft SDKs\Windows\v7.0A\bin\rc.exe /nologo /fo"Debug\MyFirstEngine.dll.embed.manifest.res" Debug\MyFirstEngine_manifest.rc 
       Link:
         C:\Program Files (x86)\Microsoft Visual Studio 10.0\VC\bin\link.exe /ERRORREPORT:PROMPT /OUT:"U:\Users\emlowry\Dropbox\GitHub\MyFirstEngine\Debug\MyFirstEngine.dll" /INCREMENTAL /NOLOGO /LIBPATH:U:\Users\emlowry\Dropbox\GitHub\MyFirstEngine\\glew\lib /LIBPATH:"U:\Users\emlowry\Dropbox\GitHub\MyFirstEngine\\glfw3\lib-msvc110" /LIBPATH:U:\Users\emlowry\Dropbox\GitHub\MyFirstEngine\\SOIL\lib opengl32.lib glew32.lib glfw3dll.lib SOIL.lib kernel32.lib user32.lib gdi32.lib winspool.lib comdlg32.lib advapi32.lib shell32.lib ole32.lib oleaut32.lib uuid.lib odbc32.lib odbccp32.lib kernel32.lib user32.lib gdi32.lib winspool.lib comdlg32.lib advapi32.lib shell32.lib ole32.lib oleaut32.lib uuid.lib odbc32.lib odbccp32.lib /MANIFEST /ManifestFile:"Debug\MyFirstEngine.dll.intermediate.manifest" /MANIFESTUAC:"level='asInvoker' uiAccess='false'" /DEBUG /PDB:"U:\Users\emlowry\Dropbox\GitHub\MyFirstEngine\Debug\MyFirstEngine.pdb" /SUBSYSTEM:WINDOWS /TLBID:1 /DYNAMICBASE /NXCOMPAT /IMPLIB:"U:\Users\emlowry\Dropbox\GitHub\MyFirstEngine\Debug\MyFirstEngine.lib" /MACHINE:X86 /DLL Debug\MyFirstEngine.dll.embed.manifest.res
         Debug\AnimatedSprite.obj
         Debug\Camera.obj
         Debug\CharacterMap.obj
         Debug\Drawable.obj
         Debug\Font.obj
         Debug\Frame.obj
         Debug\GameEngine.obj
         Debug\GameWindow.obj
         Debug\HTMLCharacters.obj
         Debug\Keyboard.obj
         Debug\Mouse.obj
         Debug\QuadShaderProgram.obj
         Debug\Shader.obj
         Debug\ShaderProgram.obj
         Debug\Sprite.obj
         Debug\SpriteShaderProgram.obj
         Debug\Texture.obj
         Debug\Typewriter.obj
         U:\Users\emlowry\Dropbox\GitHub\MyFirstEngine\Debug\MathLibrary.lib
            Creating library U:\Users\emlowry\Dropbox\GitHub\MyFirstEngine\Debug\MyFirstEngine.lib and object U:\Users\emlowry\Dropbox\GitHub\MyFirstEngine\Debug\MyFirstEngine.exp
     1>SOIL.lib(image_DXT.obj) : warning LNK4099: PDB 'vc100.pdb' was not found with 'SOIL.lib(image_DXT.obj)' or at 'U:\Users\emlowry\Dropbox\GitHub\MyFirstEngine\Debug\vc100.pdb'; linking object as if no debug info
     1>SOIL.lib(image_helper.obj) : warning LNK4099: PDB 'vc100.pdb' was not found with 'SOIL.lib(image_helper.obj)' or at 'U:\Users\emlowry\Dropbox\GitHub\MyFirstEngine\Debug\vc100.pdb'; linking object as if no debug info
     1>SOIL.lib(SOIL.obj) : warning LNK4099: PDB 'vc100.pdb' was not found with 'SOIL.lib(SOIL.obj)' or at 'U:\Users\emlowry\Dropbox\GitHub\MyFirstEngine\Debug\vc100.pdb'; linking object as if no debug info
     1>SOIL.lib(stb_image_aug.obj) : warning LNK4099: PDB 'vc100.pdb' was not found with 'SOIL.lib(stb_image_aug.obj)' or at 'U:\Users\emlowry\Dropbox\GitHub\MyFirstEngine\Debug\vc100.pdb'; linking object as if no debug info
       Manifest:
         C:\Program Files (x86)\Microsoft SDKs\Windows\v7.0A\bin\mt.exe /nologo /verbose /out:"Debug\MyFirstEngine.dll.embed.manifest" /manifest Debug\MyFirstEngine.dll.intermediate.manifest
         All outputs are up-to-date.
       LinkEmbedManifest:
         All outputs are up-to-date.
         MyFirstEngine.vcxproj -> U:\Users\emlowry\Dropbox\GitHub\MyFirstEngine\Debug\MyFirstEngine.dll
       FinalizeBuildStatus:
         Deleting file "Debug\MyFirstEngine.unsuccessfulbuild".
         Touching "Debug\MyFirstEngine.lastbuildstate".
     1>Done Building Project "U:\Users\emlowry\Dropbox\GitHub\MyFirstEngine\MyFirstEngine\MyFirstEngine.vcxproj" (build target(s)).

Build succeeded.

Time Elapsed 00:00:14.26
